2025-04-16 02:06:14.402  INFO 53308 --- [main] com.example.Application                  : Starting Application on MingAn1st with PID 53308 (started by l1737 in D:\basic software\Java Web\deliciousFoods-main)
2025-04-16 02:06:14.408  INFO 53308 --- [main] com.example.Application                  : No active profile set, falling back to default profiles: default
2025-04-16 02:06:16.181  WARN 53308 --- [main] o.m.s.mapper.ClassPathMapperScanner      : No MyBatis mapper was found in '[com.example]' package. Please check your configuration.
2025-04-16 02:06:16.865  INFO 53308 --- [main] o.s.b.w.embedded.tomcat.TomcatWebServer  : Tomcat initialized with port(s): 8088 (http)
2025-04-16 02:06:16.885  INFO 53308 --- [main] o.apache.catalina.core.StandardService   : Starting service [Tomcat]
2025-04-16 02:06:16.886  INFO 53308 --- [main] org.apache.catalina.core.StandardEngine  : Starting Servlet Engine: Apache Tomcat/9.0.12
2025-04-16 02:06:16.897  INFO 53308 --- [main] o.a.catalina.core.AprLifecycleListener   : Loaded APR based Apache Tomcat Native library [1.3.1] using APR version [1.7.4].
2025-04-16 02:06:16.897  INFO 53308 --- [main] o.a.catalina.core.AprLifecycleListener   : APR capabilities: IPv6 [true], sendfile [true], accept filters [false], random [true].
2025-04-16 02:06:16.897  INFO 53308 --- [main] o.a.catalina.core.AprLifecycleListener   : APR/OpenSSL configuration: useAprConnector [false], useOpenSSL [true]
2025-04-16 02:06:16.902  INFO 53308 --- [main] o.a.catalina.core.AprLifecycleListener   : OpenSSL successfully initialized [OpenSSL 3.0.14 4 Jun 2024]
2025-04-16 02:06:17.005  INFO 53308 --- [main] o.a.c.c.C.[Tomcat].[localhost].[/]       : Initializing Spring embedded WebApplicationContext
2025-04-16 02:06:17.005  INFO 53308 --- [main] o.s.web.context.ContextLoader            : Root WebApplicationContext: initialization completed in 2554 ms
2025-04-16 02:06:17.030  INFO 53308 --- [main] o.s.b.w.servlet.ServletRegistrationBean  : Servlet dispatcherServlet mapped to [/]
2025-04-16 02:06:17.035  INFO 53308 --- [main] o.s.b.w.servlet.FilterRegistrationBean   : Mapping filter: 'characterEncodingFilter' to: [/*]
2025-04-16 02:06:17.035  INFO 53308 --- [main] o.s.b.w.servlet.FilterRegistrationBean   : Mapping filter: 'hiddenHttpMethodFilter' to: [/*]
2025-04-16 02:06:17.035  INFO 53308 --- [main] o.s.b.w.servlet.FilterRegistrationBean   : Mapping filter: 'formContentFilter' to: [/*]
2025-04-16 02:06:17.035  INFO 53308 --- [main] o.s.b.w.servlet.FilterRegistrationBean   : Mapping filter: 'requestContextFilter' to: [/*]
2025-04-16 02:06:18.388  INFO 53308 --- [main] o.s.s.concurrent.ThreadPoolTaskExecutor  : Initializing ExecutorService 'applicationTaskExecutor'
2025-04-16 02:06:18.761  INFO 53308 --- [main] o.s.b.w.embedded.tomcat.TomcatWebServer  : Tomcat started on port(s): 8088 (http) with context path ''
2025-04-16 02:06:18.765  INFO 53308 --- [main] com.example.Application                  : Started Application in 4.756 seconds (JVM running for 5.513)
2025-04-16 02:06:50.071  INFO 53308 --- [http-nio-8088-exec-1] o.a.c.c.C.[Tomcat].[localhost].[/]       : Initializing Spring DispatcherServlet 'dispatcherServlet'
2025-04-16 02:06:50.072  INFO 53308 --- [http-nio-8088-exec-1] o.s.web.servlet.DispatcherServlet        : Initializing Servlet 'dispatcherServlet'
2025-04-16 02:06:50.079  INFO 53308 --- [http-nio-8088-exec-1] o.s.web.servlet.DispatcherServlet        : Completed initialization in 7 ms
2025-04-16 02:07:43.754  INFO 53308 --- [Thread-2] o.s.s.concurrent.ThreadPoolTaskExecutor  : Shutting down ExecutorService 'applicationTaskExecutor'
2025-04-16 02:10:05.079  INFO 53376 --- [main] com.example.Application                  : Starting Application on MingAn1st with PID 53376 (started by l1737 in D:\basic software\Java Web\deliciousFoods-main)
2025-04-16 02:10:05.082  INFO 53376 --- [main] com.example.Application                  : No active profile set, falling back to default profiles: default
2025-04-16 02:10:06.034  WARN 53376 --- [main] o.m.s.mapper.ClassPathMapperScanner      : No MyBatis mapper was found in '[com.example]' package. Please check your configuration.
2025-04-16 02:10:06.678  INFO 53376 --- [main] o.s.b.w.embedded.tomcat.TomcatWebServer  : Tomcat initialized with port(s): 8088 (http)
2025-04-16 02:10:06.698  INFO 53376 --- [main] o.apache.catalina.core.StandardService   : Starting service [Tomcat]
2025-04-16 02:10:06.698  INFO 53376 --- [main] org.apache.catalina.core.StandardEngine  : Starting Servlet Engine: Apache Tomcat/9.0.12
2025-04-16 02:10:06.708  INFO 53376 --- [main] o.a.catalina.core.AprLifecycleListener   : Loaded APR based Apache Tomcat Native library [1.3.1] using APR version [1.7.4].
2025-04-16 02:10:06.709  INFO 53376 --- [main] o.a.catalina.core.AprLifecycleListener   : APR capabilities: IPv6 [true], sendfile [true], accept filters [false], random [true].
2025-04-16 02:10:06.709  INFO 53376 --- [main] o.a.catalina.core.AprLifecycleListener   : APR/OpenSSL configuration: useAprConnector [false], useOpenSSL [true]
2025-04-16 02:10:06.715  INFO 53376 --- [main] o.a.catalina.core.AprLifecycleListener   : OpenSSL successfully initialized [OpenSSL 3.0.14 4 Jun 2024]
2025-04-16 02:10:06.811  INFO 53376 --- [main] o.a.c.c.C.[Tomcat].[localhost].[/]       : Initializing Spring embedded WebApplicationContext
2025-04-16 02:10:06.811  INFO 53376 --- [main] o.s.web.context.ContextLoader            : Root WebApplicationContext: initialization completed in 1679 ms
2025-04-16 02:10:06.837  INFO 53376 --- [main] o.s.b.w.servlet.ServletRegistrationBean  : Servlet dispatcherServlet mapped to [/]
2025-04-16 02:10:06.841  INFO 53376 --- [main] o.s.b.w.servlet.FilterRegistrationBean   : Mapping filter: 'characterEncodingFilter' to: [/*]
2025-04-16 02:10:06.841  INFO 53376 --- [main] o.s.b.w.servlet.FilterRegistrationBean   : Mapping filter: 'hiddenHttpMethodFilter' to: [/*]
2025-04-16 02:10:06.841  INFO 53376 --- [main] o.s.b.w.servlet.FilterRegistrationBean   : Mapping filter: 'formContentFilter' to: [/*]
2025-04-16 02:10:06.841  INFO 53376 --- [main] o.s.b.w.servlet.FilterRegistrationBean   : Mapping filter: 'requestContextFilter' to: [/*]
2025-04-16 02:10:08.007  INFO 53376 --- [main] o.s.s.concurrent.ThreadPoolTaskExecutor  : Initializing ExecutorService 'applicationTaskExecutor'
2025-04-16 02:10:08.388  INFO 53376 --- [main] o.s.b.w.embedded.tomcat.TomcatWebServer  : Tomcat started on port(s): 8088 (http) with context path ''
2025-04-16 02:10:08.392  INFO 53376 --- [main] com.example.Application                  : Started Application in 3.715 seconds (JVM running for 4.438)
2025-04-16 02:10:13.731  INFO 53376 --- [http-nio-8088-exec-1] o.a.c.c.C.[Tomcat].[localhost].[/]       : Initializing Spring DispatcherServlet 'dispatcherServlet'
2025-04-16 02:10:13.732  INFO 53376 --- [http-nio-8088-exec-1] o.s.web.servlet.DispatcherServlet        : Initializing Servlet 'dispatcherServlet'
2025-04-16 02:10:13.738  INFO 53376 --- [http-nio-8088-exec-1] o.s.web.servlet.DispatcherServlet        : Completed initialization in 5 ms
2025-04-16 02:12:56.617  INFO 53376 --- [Thread-2] o.s.s.concurrent.ThreadPoolTaskExecutor  : Shutting down ExecutorService 'applicationTaskExecutor'
2025-04-16 02:12:59.096  INFO 47972 --- [main] com.example.Application                  : Starting Application on MingAn1st with PID 47972 (started by l1737 in D:\basic software\Java Web\deliciousFoods-main)
2025-04-16 02:12:59.098  INFO 47972 --- [main] com.example.Application                  : No active profile set, falling back to default profiles: default
2025-04-16 02:12:59.734  WARN 47972 --- [main] o.m.s.mapper.ClassPathMapperScanner      : No MyBatis mapper was found in '[com.example]' package. Please check your configuration.
2025-04-16 02:13:00.367  INFO 47972 --- [main] o.s.b.w.embedded.tomcat.TomcatWebServer  : Tomcat initialized with port(s): 8088 (http)
2025-04-16 02:13:00.387  INFO 47972 --- [main] o.apache.catalina.core.StandardService   : Starting service [Tomcat]
2025-04-16 02:13:00.388  INFO 47972 --- [main] org.apache.catalina.core.StandardEngine  : Starting Servlet Engine: Apache Tomcat/9.0.12
2025-04-16 02:13:00.398  INFO 47972 --- [main] o.a.catalina.core.AprLifecycleListener   : Loaded APR based Apache Tomcat Native library [1.3.1] using APR version [1.7.4].
2025-04-16 02:13:00.398  INFO 47972 --- [main] o.a.catalina.core.AprLifecycleListener   : APR capabilities: IPv6 [true], sendfile [true], accept filters [false], random [true].
2025-04-16 02:13:00.398  INFO 47972 --- [main] o.a.catalina.core.AprLifecycleListener   : APR/OpenSSL configuration: useAprConnector [false], useOpenSSL [true]
2025-04-16 02:13:00.403  INFO 47972 --- [main] o.a.catalina.core.AprLifecycleListener   : OpenSSL successfully initialized [OpenSSL 3.0.14 4 Jun 2024]
2025-04-16 02:13:00.498  INFO 47972 --- [main] o.a.c.c.C.[Tomcat].[localhost].[/]       : Initializing Spring embedded WebApplicationContext
2025-04-16 02:13:00.499  INFO 47972 --- [main] o.s.web.context.ContextLoader            : Root WebApplicationContext: initialization completed in 1354 ms
2025-04-16 02:13:00.525  INFO 47972 --- [main] o.s.b.w.servlet.ServletRegistrationBean  : Servlet dispatcherServlet mapped to [/]
2025-04-16 02:13:00.529  INFO 47972 --- [main] o.s.b.w.servlet.FilterRegistrationBean   : Mapping filter: 'characterEncodingFilter' to: [/*]
2025-04-16 02:13:00.530  INFO 47972 --- [main] o.s.b.w.servlet.FilterRegistrationBean   : Mapping filter: 'hiddenHttpMethodFilter' to: [/*]
2025-04-16 02:13:00.530  INFO 47972 --- [main] o.s.b.w.servlet.FilterRegistrationBean   : Mapping filter: 'formContentFilter' to: [/*]
2025-04-16 02:13:00.530  INFO 47972 --- [main] o.s.b.w.servlet.FilterRegistrationBean   : Mapping filter: 'requestContextFilter' to: [/*]
2025-04-16 02:13:01.603  INFO 47972 --- [main] o.s.s.concurrent.ThreadPoolTaskExecutor  : Initializing ExecutorService 'applicationTaskExecutor'
2025-04-16 02:13:01.967  INFO 47972 --- [main] o.s.b.w.embedded.tomcat.TomcatWebServer  : Tomcat started on port(s): 8088 (http) with context path ''
2025-04-16 02:13:01.972  INFO 47972 --- [main] com.example.Application                  : Started Application in 3.256 seconds (JVM running for 3.935)
2025-04-16 02:13:06.152  INFO 47972 --- [http-nio-8088-exec-2] o.a.c.c.C.[Tomcat].[localhost].[/]       : Initializing Spring DispatcherServlet 'dispatcherServlet'
2025-04-16 02:13:06.154  INFO 47972 --- [http-nio-8088-exec-2] o.s.web.servlet.DispatcherServlet        : Initializing Servlet 'dispatcherServlet'
2025-04-16 02:13:06.160  INFO 47972 --- [http-nio-8088-exec-2] o.s.web.servlet.DispatcherServlet        : Completed initialization in 6 ms
2025-04-16 02:28:06.655  INFO 47972 --- [Thread-2] o.s.s.concurrent.ThreadPoolTaskExecutor  : Shutting down ExecutorService 'applicationTaskExecutor'
2025-04-16 02:28:20.902  INFO 57252 --- [main] com.example.Application                  : Starting Application on MingAn1st with PID 57252 (started by l1737 in D:\basic software\Java Web\deliciousFoods-main)
2025-04-16 02:28:20.906  INFO 57252 --- [main] com.example.Application                  : No active profile set, falling back to default profiles: default
2025-04-16 02:28:23.122  WARN 57252 --- [main] o.m.s.mapper.ClassPathMapperScanner      : No MyBatis mapper was found in '[com.example]' package. Please check your configuration.
2025-04-16 02:28:23.888  INFO 57252 --- [main] o.s.b.w.embedded.tomcat.TomcatWebServer  : Tomcat initialized with port(s): 8088 (http)
2025-04-16 02:28:23.905  INFO 57252 --- [main] o.apache.catalina.core.StandardService   : Starting service [Tomcat]
2025-04-16 02:28:23.906  INFO 57252 --- [main] org.apache.catalina.core.StandardEngine  : Starting Servlet Engine: Apache Tomcat/9.0.12
2025-04-16 02:28:23.913  INFO 57252 --- [main] o.a.catalina.core.AprLifecycleListener   : Loaded APR based Apache Tomcat Native library [1.3.1] using APR version [1.7.4].
2025-04-16 02:28:23.913  INFO 57252 --- [main] o.a.catalina.core.AprLifecycleListener   : APR capabilities: IPv6 [true], sendfile [true], accept filters [false], random [true].
2025-04-16 02:28:23.913  INFO 57252 --- [main] o.a.catalina.core.AprLifecycleListener   : APR/OpenSSL configuration: useAprConnector [false], useOpenSSL [true]
2025-04-16 02:28:23.920  INFO 57252 --- [main] o.a.catalina.core.AprLifecycleListener   : OpenSSL successfully initialized [OpenSSL 3.0.14 4 Jun 2024]
2025-04-16 02:28:24.035  INFO 57252 --- [main] o.a.c.c.C.[Tomcat].[localhost].[/]       : Initializing Spring embedded WebApplicationContext
2025-04-16 02:28:24.036  INFO 57252 --- [main] o.s.web.context.ContextLoader            : Root WebApplicationContext: initialization completed in 3048 ms
2025-04-16 02:28:24.062  INFO 57252 --- [main] o.s.b.w.servlet.ServletRegistrationBean  : Servlet dispatcherServlet mapped to [/]
2025-04-16 02:28:24.067  INFO 57252 --- [main] o.s.b.w.servlet.FilterRegistrationBean   : Mapping filter: 'characterEncodingFilter' to: [/*]
2025-04-16 02:28:24.067  INFO 57252 --- [main] o.s.b.w.servlet.FilterRegistrationBean   : Mapping filter: 'hiddenHttpMethodFilter' to: [/*]
2025-04-16 02:28:24.067  INFO 57252 --- [main] o.s.b.w.servlet.FilterRegistrationBean   : Mapping filter: 'formContentFilter' to: [/*]
2025-04-16 02:28:24.067  INFO 57252 --- [main] o.s.b.w.servlet.FilterRegistrationBean   : Mapping filter: 'requestContextFilter' to: [/*]
2025-04-16 02:28:25.406  INFO 57252 --- [main] o.s.s.concurrent.ThreadPoolTaskExecutor  : Initializing ExecutorService 'applicationTaskExecutor'
2025-04-16 02:28:25.771  INFO 57252 --- [main] o.s.b.w.embedded.tomcat.TomcatWebServer  : Tomcat started on port(s): 8088 (http) with context path ''
2025-04-16 02:28:25.774  INFO 57252 --- [main] com.example.Application                  : Started Application in 5.439 seconds (JVM running for 6.905)
2025-04-16 02:28:31.115  INFO 57252 --- [http-nio-8088-exec-1] o.a.c.c.C.[Tomcat].[localhost].[/]       : Initializing Spring DispatcherServlet 'dispatcherServlet'
2025-04-16 02:28:31.116  INFO 57252 --- [http-nio-8088-exec-1] o.s.web.servlet.DispatcherServlet        : Initializing Servlet 'dispatcherServlet'
2025-04-16 02:28:31.125  INFO 57252 --- [http-nio-8088-exec-1] o.s.web.servlet.DispatcherServlet        : Completed initialization in 9 ms
2025-04-16 02:29:57.391  INFO 57252 --- [http-nio-8088-exec-1] com.zaxxer.hikari.HikariDataSource       : HikariPool-1 - Starting...
2025-04-16 02:29:57.545  INFO 57252 --- [http-nio-8088-exec-1] com.zaxxer.hikari.HikariDataSource       : HikariPool-1 - Start completed.
2025-04-16 02:57:58.526  INFO 57252 --- [Thread-13] o.s.s.concurrent.ThreadPoolTaskExecutor  : Shutting down ExecutorService 'applicationTaskExecutor'
2025-04-16 02:57:58.528  INFO 57252 --- [Thread-13] com.zaxxer.hikari.HikariDataSource       : HikariPool-1 - Shutdown initiated...
2025-04-16 02:57:58.538  INFO 57252 --- [Thread-13] com.zaxxer.hikari.HikariDataSource       : HikariPool-1 - Shutdown completed.
2025-04-16 10:41:07.149  INFO 46992 --- [main] com.example.Application                  : Starting Application on MingAn1st with PID 46992 (started by l1737 in D:\basic software\Java Web\deliciousFoods-main)
2025-04-16 10:41:07.153  INFO 46992 --- [main] com.example.Application                  : No active profile set, falling back to default profiles: default
2025-04-16 10:41:08.769  WARN 46992 --- [main] o.m.s.mapper.ClassPathMapperScanner      : No MyBatis mapper was found in '[com.example]' package. Please check your configuration.
2025-04-16 10:41:09.514  INFO 46992 --- [main] o.s.b.w.embedded.tomcat.TomcatWebServer  : Tomcat initialized with port(s): 8088 (http)
2025-04-16 10:41:09.536  INFO 46992 --- [main] o.apache.catalina.core.StandardService   : Starting service [Tomcat]
2025-04-16 10:41:09.536  INFO 46992 --- [main] org.apache.catalina.core.StandardEngine  : Starting Servlet Engine: Apache Tomcat/9.0.12
2025-04-16 10:41:09.547  INFO 46992 --- [main] o.a.catalina.core.AprLifecycleListener   : Loaded APR based Apache Tomcat Native library [1.3.1] using APR version [1.7.4].
2025-04-16 10:41:09.547  INFO 46992 --- [main] o.a.catalina.core.AprLifecycleListener   : APR capabilities: IPv6 [true], sendfile [true], accept filters [false], random [true].
2025-04-16 10:41:09.547  INFO 46992 --- [main] o.a.catalina.core.AprLifecycleListener   : APR/OpenSSL configuration: useAprConnector [false], useOpenSSL [true]
2025-04-16 10:41:09.552  INFO 46992 --- [main] o.a.catalina.core.AprLifecycleListener   : OpenSSL successfully initialized [OpenSSL 3.0.14 4 Jun 2024]
2025-04-16 10:41:09.652  INFO 46992 --- [main] o.a.c.c.C.[Tomcat].[localhost].[/]       : Initializing Spring embedded WebApplicationContext
2025-04-16 10:41:09.652  INFO 46992 --- [main] o.s.web.context.ContextLoader            : Root WebApplicationContext: initialization completed in 2459 ms
2025-04-16 10:41:09.677  INFO 46992 --- [main] o.s.b.w.servlet.ServletRegistrationBean  : Servlet dispatcherServlet mapped to [/]
2025-04-16 10:41:09.681  INFO 46992 --- [main] o.s.b.w.servlet.FilterRegistrationBean   : Mapping filter: 'characterEncodingFilter' to: [/*]
2025-04-16 10:41:09.682  INFO 46992 --- [main] o.s.b.w.servlet.FilterRegistrationBean   : Mapping filter: 'hiddenHttpMethodFilter' to: [/*]
2025-04-16 10:41:09.682  INFO 46992 --- [main] o.s.b.w.servlet.FilterRegistrationBean   : Mapping filter: 'formContentFilter' to: [/*]
2025-04-16 10:41:09.682  INFO 46992 --- [main] o.s.b.w.servlet.FilterRegistrationBean   : Mapping filter: 'requestContextFilter' to: [/*]
2025-04-16 10:41:10.922  INFO 46992 --- [main] o.s.s.concurrent.ThreadPoolTaskExecutor  : Initializing ExecutorService 'applicationTaskExecutor'
2025-04-16 10:41:11.271  INFO 46992 --- [main] o.s.b.w.embedded.tomcat.TomcatWebServer  : Tomcat started on port(s): 8088 (http) with context path ''
2025-04-16 10:41:11.275  INFO 46992 --- [main] com.example.Application                  : Started Application in 4.474 seconds (JVM running for 5.236)
2025-04-16 10:41:15.370  INFO 46992 --- [http-nio-8088-exec-1] o.a.c.c.C.[Tomcat].[localhost].[/]       : Initializing Spring DispatcherServlet 'dispatcherServlet'
2025-04-16 10:41:15.371  INFO 46992 --- [http-nio-8088-exec-1] o.s.web.servlet.DispatcherServlet        : Initializing Servlet 'dispatcherServlet'
2025-04-16 10:41:15.377  INFO 46992 --- [http-nio-8088-exec-1] o.s.web.servlet.DispatcherServlet        : Completed initialization in 6 ms
2025-04-16 10:41:15.682  INFO 46992 --- [http-nio-8088-exec-4] com.zaxxer.hikari.HikariDataSource       : HikariPool-1 - Starting...
2025-04-16 10:41:15.850  INFO 46992 --- [http-nio-8088-exec-4] com.zaxxer.hikari.HikariDataSource       : HikariPool-1 - Start completed.
2025-04-16 14:18:37.298  WARN 46992 --- [HikariPool-1 housekeeper] com.zaxxer.hikari.pool.HikariPool        : HikariPool-1 - Thread starvation or clock leap detected (housekeeper delta=18m26s889ms886µs200ns).
2025-04-16 17:19:47.320  INFO 46992 --- [Thread-2] o.s.s.concurrent.ThreadPoolTaskExecutor  : Shutting down ExecutorService 'applicationTaskExecutor'
2025-04-16 17:19:47.323  INFO 46992 --- [Thread-2] com.zaxxer.hikari.HikariDataSource       : HikariPool-1 - Shutdown initiated...
2025-04-16 17:19:47.326  INFO 46992 --- [Thread-2] com.zaxxer.hikari.HikariDataSource       : HikariPool-1 - Shutdown completed.
